This file contains any messages produced by compilers while
running configure, to aid debugging if configure makes a mistake.

It was created by newlib configure 2.2.0, which was
generated by GNU Autoconf 2.69.  Invocation command line was

  $ /cygdrive/d/intelfpga_lite/18.0/nios2eds/bin/gnu/src/newlib-2.2/newlib/libc/machine/configure --disable-option-checking --prefix=/cygdrive/d/__LocalWorkspace/Edu_ActiveProjects/y3s1_soc_term/project/software/Hello_bsp/newlib --with-newlib --with-cross-host=x86_64-unknown-cygwin --enable-multilib --enable-newlib-nano-malloc --program-transform-name=s&^&nios2-elf-& --with-target-subdir=nios2-elf --build=x86_64-unknown-cygwin --host=nios2-elf --target=nios2-elf build_alias=x86_64-unknown-cygwin host_alias=nios2-elf target_alias=nios2-elf CC=/cygdrive/d/__LocalWorkspace/Edu_ActiveProjects/y3s1_soc_term/project/software/Hello_bsp/newlib-build-tmp/build-newlib-stage-wrapper nios2-elf-gcc -B/cygdrive/d/__LocalWorkspace/Edu_ActiveProjects/y3s1_soc_term/project/software/Hello_bsp/newlib-build-tmp/smallc/nios2-elf/newlib/ -isystem /cygdrive/d/__LocalWorkspace/Edu_ActiveProjects/y3s1_soc_term/project/software/Hello_bsp/newlib-build-tmp/smallc/nios2-elf/newlib/targ-include -isystem /cygdrive/d/intelfpga_lite/18.0/nios2eds/bin/gnu/src/newlib-2.2/newlib/libc/include -B/cygdrive/d/__LocalWorkspace/Edu_ActiveProjects/y3s1_soc_term/project/software/Hello_bsp/newlib-build-tmp/smallc/nios2-elf/libgloss/nios2 -L/cygdrive/d/__LocalWorkspace/Edu_ActiveProjects/y3s1_soc_term/project/software/Hello_bsp/newlib-build-tmp/smallc/nios2-elf/libgloss/libnosys -L/cygdrive/d/intelfpga_lite/18.0/nios2eds/bin/gnu/src/newlib-2.2/libgloss/nios2    CFLAGS=-g -Os -ffunction-sections -fdata-sections -mno-gpopt LDFLAGS= CPPFLAGS= --cache-file=../.././config.cache --srcdir=/cygdrive/d/intelfpga_lite/18.0/nios2eds/bin/gnu/src/newlib-2.2/newlib/libc/machine

## --------- ##
## Platform. ##
## --------- ##

hostname = DESKTOP-7A7JSBA
uname -m = x86_64
uname -r = 1.7.32(0.274/5/3)
uname -s = CYGWIN_NT-10.0
uname -v = 2014-08-13 23:06

/usr/bin/uname -p = unknown
/bin/uname -X     = unknown

/bin/arch              = x86_64
/usr/bin/arch -k       = unknown
/usr/convex/getsysinfo = unknown
/usr/bin/hostinfo      = unknown
/bin/machine           = unknown
/usr/bin/oslevel       = unknown
/bin/universe          = unknown

PATH: /bin
PATH: /cygdrive/d/intelFPGA_lite/18.0/nios2eds/bin/gnu/H-x86_64-mingw32/bin


## ----------- ##
## Core tests. ##
## ----------- ##

configure:2123: loading cache ../.././config.cache
configure:2241: checking build system type
configure:2255: result: x86_64-unknown-cygwin
configure:2275: checking host system type
configure:2288: result: nios2-unknown-elf
configure:2324: checking for a BSD-compatible install
configure:2392: result: /bin/install -c
configure:2403: checking whether build environment is sane
configure:2453: result: yes
configure:2502: checking for nios2-elf-strip
configure:2529: result: nios2-elf-strip
configure:2594: checking for a thread-safe mkdir -p
configure:2633: result: /bin/mkdir -p
configure:2646: checking for gawk
configure:2673: result: gawk
configure:2684: checking whether make sets $(MAKE)
configure:2706: result: yes
configure:2736: checking for style of include used by make
configure:2764: result: GNU
configure:2974: checking for gcc
configure:3001: result: /cygdrive/d/__LocalWorkspace/Edu_ActiveProjects/y3s1_soc_term/project/software/Hello_bsp/newlib-build-tmp/build-newlib-stage-wrapper nios2-elf-gcc -B/cygdrive/d/__LocalWorkspace/Edu_ActiveProjects/y3s1_soc_term/project/software/Hello_bsp/newlib-build-tmp/smallc/nios2-elf/newlib/ -isystem /cygdrive/d/__LocalWorkspace/Edu_ActiveProjects/y3s1_soc_term/project/software/Hello_bsp/newlib-build-tmp/smallc/nios2-elf/newlib/targ-include -isystem /cygdrive/d/intelfpga_lite/18.0/nios2eds/bin/gnu/src/newlib-2.2/newlib/libc/include -B/cygdrive/d/__LocalWorkspace/Edu_ActiveProjects/y3s1_soc_term/project/software/Hello_bsp/newlib-build-tmp/smallc/nios2-elf/libgloss/nios2 -L/cygdrive/d/__LocalWorkspace/Edu_ActiveProjects/y3s1_soc_term/project/software/Hello_bsp/newlib-build-tmp/smallc/nios2-elf/libgloss/libnosys -L/cygdrive/d/intelfpga_lite/18.0/nios2eds/bin/gnu/src/newlib-2.2/libgloss/nios2   
configure:3012: checking dependency style of /cygdrive/d/__LocalWorkspace/Edu_ActiveProjects/y3s1_soc_term/project/software/Hello_bsp/newlib-build-tmp/build-newlib-stage-wrapper nios2-elf-gcc -B/cygdrive/d/__LocalWorkspace/Edu_ActiveProjects/y3s1_soc_term/project/software/Hello_bsp/newlib-build-tmp/smallc/nios2-elf/newlib/ -isystem /cygdrive/d/__LocalWorkspace/Edu_ActiveProjects/y3s1_soc_term/project/software/Hello_bsp/newlib-build-tmp/smallc/nios2-elf/newlib/targ-include -isystem /cygdrive/d/intelfpga_lite/18.0/nios2eds/bin/gnu/src/newlib-2.2/newlib/libc/include -B/cygdrive/d/__LocalWorkspace/Edu_ActiveProjects/y3s1_soc_term/project/software/Hello_bsp/newlib-build-tmp/smallc/nios2-elf/libgloss/nios2 -L/cygdrive/d/__LocalWorkspace/Edu_ActiveProjects/y3s1_soc_term/project/software/Hello_bsp/newlib-build-tmp/smallc/nios2-elf/libgloss/libnosys -L/cygdrive/d/intelfpga_lite/18.0/nios2eds/bin/gnu/src/newlib-2.2/libgloss/nios2   
configure:3123: result: gcc3
configure:3196: checking whether we are using GNU C
configure:3217: result: yes
configure:3226: checking whether /cygdrive/d/__LocalWorkspace/Edu_ActiveProjects/y3s1_soc_term/project/software/Hello_bsp/newlib-build-tmp/build-newlib-stage-wrapper nios2-elf-gcc -B/cygdrive/d/__LocalWorkspace/Edu_ActiveProjects/y3s1_soc_term/project/software/Hello_bsp/newlib-build-tmp/smallc/nios2-elf/newlib/ -isystem /cygdrive/d/__LocalWorkspace/Edu_ActiveProjects/y3s1_soc_term/project/software/Hello_bsp/newlib-build-tmp/smallc/nios2-elf/newlib/targ-include -isystem /cygdrive/d/intelfpga_lite/18.0/nios2eds/bin/gnu/src/newlib-2.2/newlib/libc/include -B/cygdrive/d/__LocalWorkspace/Edu_ActiveProjects/y3s1_soc_term/project/software/Hello_bsp/newlib-build-tmp/smallc/nios2-elf/libgloss/nios2 -L/cygdrive/d/__LocalWorkspace/Edu_ActiveProjects/y3s1_soc_term/project/software/Hello_bsp/newlib-build-tmp/smallc/nios2-elf/libgloss/libnosys -L/cygdrive/d/intelfpga_lite/18.0/nios2eds/bin/gnu/src/newlib-2.2/libgloss/nios2    accepts -g
configure:3287: result: no
configure:3320: checking for nios2-elf-as
configure:3347: result: /cygdrive/d/__LocalWorkspace/Edu_ActiveProjects/y3s1_soc_term/project/software/Hello_bsp/newlib-build-tmp/build-newlib-stage-wrapper nios2-elf-as
configure:3412: checking for nios2-elf-ar
configure:3439: result: /cygdrive/d/__LocalWorkspace/Edu_ActiveProjects/y3s1_soc_term/project/software/Hello_bsp/newlib-build-tmp/build-newlib-stage-wrapper nios2-elf-ar
configure:3504: checking for nios2-elf-ranlib
configure:3531: result: /cygdrive/d/__LocalWorkspace/Edu_ActiveProjects/y3s1_soc_term/project/software/Hello_bsp/newlib-build-tmp/build-newlib-stage-wrapper nios2-elf-ranlib
configure:3596: checking for nios2-elf-readelf
configure:3623: result: nios2-elf-readelf
configure:3692: checking whether to enable maintainer-specific portions of Makefiles
configure:3701: result: no
configure:3811: checking for a sed that does not truncate output
configure:3875: result: /bin/sed
configure:3897: checking how to print strings
configure:3924: result: printf
configure:12201: creating ./config.status

## ---------------------- ##
## Running config.status. ##
## ---------------------- ##

This file was extended by newlib config.status 2.2.0, which was
generated by GNU Autoconf 2.69.  Invocation command line was

  CONFIG_FILES    = 
  CONFIG_HEADERS  = 
  CONFIG_LINKS    = 
  CONFIG_COMMANDS = 
  $ ./config.status 

on DESKTOP-7A7JSBA

config.status:1032: creating Makefile
config.status:1189: executing depfiles commands
configure:14308: === configuring in nios2 (/cygdrive/d/__LocalWorkspace/Edu_ActiveProjects/y3s1_soc_term/project/software/Hello_bsp/newlib-build-tmp/smallc/nios2-elf/newlib/libc/machine/nios2)
