This file contains any messages produced by compilers while
running configure, to aid debugging if configure makes a mistake.

It was created by configure, which was
generated by GNU Autoconf 2.64.  Invocation command line was

  $ /cygdrive/d/intelfpga_lite/18.0/nios2eds/bin/gnu/src/newlib-2.2/configure --enable-multilib --enable-newlib-nano-malloc CFLAGS_FOR_TARGET=-g -Os -ffunction-sections -fdata-sections CXXFLAGS_FOR_TARGET=-g -Os -ffunction-sections -fdata-sections --prefix=/cygdrive/d/__LocalWorkspace/Edu_ActiveProjects/y3s1_soc_term/project/software/Hello_bsp/newlib --target=nios2-elf

## --------- ##
## Platform. ##
## --------- ##

hostname = DESKTOP-7A7JSBA
uname -m = x86_64
uname -r = 1.7.32(0.274/5/3)
uname -s = CYGWIN_NT-10.0
uname -v = 2014-08-13 23:06

/usr/bin/uname -p = unknown
/bin/uname -X     = unknown

/bin/arch              = x86_64
/usr/bin/arch -k       = unknown
/usr/convex/getsysinfo = unknown
/usr/bin/hostinfo      = unknown
/bin/machine           = unknown
/usr/bin/oslevel       = unknown
/bin/universe          = unknown

PATH: /bin
PATH: /cygdrive/d/intelFPGA_lite/18.0/nios2eds/bin/gnu/H-x86_64-mingw32/bin


## ----------- ##
## Core tests. ##
## ----------- ##

configure:2344: checking build system type
configure:2358: result: x86_64-unknown-cygwin
configure:2405: checking host system type
configure:2418: result: x86_64-unknown-cygwin
configure:2438: checking target system type
